*** Using Compiler 'V6.18', folder: 'D:\kail\ARM\ARMCLANG\Bin'
Rebuild target 'micro_smartcar'
compiling stm32f1xx_it.c...
compiling stm32f1xx_hal_flash_ex.c...
compiling main.c...
assembling startup_stm32f103xb.s...
compiling stm32f1xx_hal.c...
compiling stm32f1xx_hal_cortex.c...
compiling bmi270_port.c...
compiling stm32f1xx_hal_msp.c...
compiling stm32f1xx_hal_rcc_ex.c...
compiling stm32f1xx_hal_exti.c...
compiling stm32f1xx_hal_flash.c...
compiling dodo_BMI270.c...
compiling stm32f1xx_hal_gpio_ex.c...
compiling stm32f1xx_hal_pwr.c...
compiling stm32f1xx_hal_gpio.c...
compiling multiplexer.c...
compiling system_stm32f1xx.c...
compiling stm32f1xx_hal_rcc.c...
compiling stm32f1xx_hal_dma.c...
compiling stm32f1xx_hal_tim_ex.c...
compiling bmi270.c...
compiling stm32f1xx_hal_spi.c...
compiling stm32f1xx_hal_uart.c...
compiling stm32f1xx_hal_tim.c...
compiling bmi2.c...
linking...
Program Size: Code=27470 RO-data=8582 RW-data=32 ZI-data=10232  
FromELF: creating hex file...
"micro_smartcar\micro_smartcar.axf" - 0 Error(s), 0 Warning(s).
Build Time Elapsed:  00:00:08
